0 info it worked if it ends with ok
1 verbose cli [ '/usr/bin/nodejs', '/usr/bin/npm', 'run', 'testall' ]
2 info using npm@3.10.8
3 info using node@v6.9.1
4 verbose run-script [ 'pretestall', 'testall', 'posttestall' ]
5 info lifecycle hrlectureproblems@1.0.0~pretestall: hrlectureproblems@1.0.0
6 silly lifecycle hrlectureproblems@1.0.0~pretestall: no script for pretestall, continuing
7 info lifecycle hrlectureproblems@1.0.0~testall: hrlectureproblems@1.0.0
8 verbose lifecycle hrlectureproblems@1.0.0~testall: unsafe-perm in lifecycle true
9 verbose lifecycle hrlectureproblems@1.0.0~testall: PATH: /usr/lib/node_modules/npm/bin/node-gyp-bin:/home/aaronbabaron/hrstuff/HR-Toy-Problems/node_modules/.bin:/usr/local/bin:/usr/bin:/bin:/usr/local/games:/usr/games
10 verbose lifecycle hrlectureproblems@1.0.0~testall: CWD: /home/aaronbabaron/hrstuff/HR-Toy-Problems
11 silly lifecycle hrlectureproblems@1.0.0~testall: Args: [ '-c',
11 silly lifecycle   'mocha --require ./node_modules/babel-core/register ./**/*-spec.js' ]
12 silly lifecycle hrlectureproblems@1.0.0~testall: Returned: code: 17  signal: null
13 info lifecycle hrlectureproblems@1.0.0~testall: Failed to exec testall script
14 verbose stack Error: hrlectureproblems@1.0.0 testall: `mocha --require ./node_modules/babel-core/register ./**/*-spec.js`
14 verbose stack Exit status 17
14 verbose stack     at EventEmitter.<anonymous> (/usr/lib/node_modules/npm/lib/utils/lifecycle.js:255:16)
14 verbose stack     at emitTwo (events.js:106:13)
14 verbose stack     at EventEmitter.emit (events.js:191:7)
14 verbose stack     at ChildProcess.<anonymous> (/usr/lib/node_modules/npm/lib/utils/spawn.js:40:14)
14 verbose stack     at emitTwo (events.js:106:13)
14 verbose stack     at ChildProcess.emit (events.js:191:7)
14 verbose stack     at maybeClose (internal/child_process.js:877:16)
14 verbose stack     at Process.ChildProcess._handle.onexit (internal/child_process.js:226:5)
15 verbose pkgid hrlectureproblems@1.0.0
16 verbose cwd /home/aaronbabaron/hrstuff/HR-Toy-Problems
17 error Linux 3.4.0+
18 error argv "/usr/bin/nodejs" "/usr/bin/npm" "run" "testall"
19 error node v6.9.1
20 error npm  v3.10.8
21 error code ELIFECYCLE
22 error hrlectureproblems@1.0.0 testall: `mocha --require ./node_modules/babel-core/register ./**/*-spec.js`
22 error Exit status 17
23 error Failed at the hrlectureproblems@1.0.0 testall script 'mocha --require ./node_modules/babel-core/register ./**/*-spec.js'.
23 error Make sure you have the latest version of node.js and npm installed.
23 error If you do, this is most likely a problem with the hrlectureproblems package,
23 error not with npm itself.
23 error Tell the author that this fails on your system:
23 error     mocha --require ./node_modules/babel-core/register ./**/*-spec.js
23 error You can get information on how to open an issue for this project with:
23 error     npm bugs hrlectureproblems
23 error Or if that isn't available, you can get their info via:
23 error     npm owner ls hrlectureproblems
23 error There is likely additional logging output above.
24 verbose exit [ 1, true ]
